<?xml version="1.0" encoding="UTF-8"?>
<!-- Generated by org.testng.reporters.JUnitReportReporter -->
<testsuite hostname="Deepikas-MBP.attlocal.net" failures="0" tests="1" name="com.training.restapi.ApiAutomation" time="8.162" errors="0" timestamp="2023-04-06T09:18:17 PDT" skipped="0">
  <testcase classname="com.training.restapi.ApiAutomation" name="login" time="8.162"/>
  <system-out/>
</testsuite> <!-- com.training.restapi.ApiAutomation -->
