<?xml version="1.0" encoding="UTF-8"?>
<!-- Generated by org.testng.reporters.JUnitReportReporter -->
<testsuite hostname="deepikas-mbp.lan" failures="0" tests="1" name="com.training.restapi.ApiAutomationUsers" time="3.795" errors="0" timestamp="2023-07-31T22:49:20 PDT" skipped="0">
  <testcase classname="com.training.restapi.ApiAutomationUsers" name="validate" time="3.795"/>
  <system-out/>
</testsuite> <!-- com.training.restapi.ApiAutomationUsers -->
