<?xml version="1.0" encoding="UTF-8"?>
<!-- Generated by org.testng.reporters.JUnitReportReporter -->
<testsuite hostname="deepikas-mbp.lan" failures="0" tests="6" name="api.test.DDTests" time="5.462" errors="0" timestamp="2023-08-09T11:15:30 PDT" skipped="0">
  <testcase classname="api.test.DDTests" name="testPostuser" time="3.174"/>
  <system-out/>
  <testcase classname="api.test.DDTests" name="testPostuser" time="0.492"/>
  <system-out/>
  <testcase classname="api.test.DDTests" name="testPostuser" time="0.427"/>
  <system-out/>
  <testcase classname="api.test.DDTests" name="textDeleteUserByName" time="0.467"/>
  <system-out/>
  <testcase classname="api.test.DDTests" name="textDeleteUserByName" time="0.455"/>
  <system-out/>
  <testcase classname="api.test.DDTests" name="textDeleteUserByName" time="0.447"/>
  <system-out/>
</testsuite> <!-- api.test.DDTests -->
