<?xml version="1.0" encoding="UTF-8"?>
<!-- Generated by org.testng.reporters.JUnitReportReporter -->
<testsuite hostname="deepikas-mbp.lan" failures="0" tests="4" name="api.test.UserTests" time="5.065" errors="0" timestamp="2023-08-09T11:35:34 PDT" skipped="0">
  <testcase classname="api.test.UserTests" name="testUpdateUserByName" time="3.714"/>
  <system-out/>
  <testcase classname="api.test.UserTests" name="testPostUser" time="0.501"/>
  <system-out/>
  <testcase classname="api.test.UserTests" name="testGetUserByName" time="0.427"/>
  <system-out/>
  <testcase classname="api.test.UserTests" name="testDeleteUserByName" time="0.423"/>
  <system-out/>
</testsuite> <!-- api.test.UserTests -->
