<?xml version="1.0" encoding="UTF-8"?>
<!-- Generated by org.testng.reporters.JUnitReportReporter -->
<testsuite hostname="deepikas-mbp.lan" failures="0" tests="3" name="GooglePage" time="132.367" errors="0" timestamp="2023-09-28T11:57:45 PDT" skipped="0">
  <testcase classname="GooglePage" name="Test2" time="11.952"/>
  <system-out/>
  <testcase classname="GooglePage" name="Test3" time="92.101"/>
  <system-out/>
  <testcase classname="GooglePage" name="Test1" time="28.314"/>
  <system-out/>
</testsuite> <!-- GooglePage -->
