<?xml version="1.0" encoding="UTF-8"?>
<!-- Generated by org.testng.reporters.JUnitReportReporter -->
<testsuite skipped="0" hostname="LAPTOP-6I37K8RN" name="com.mobile.test.MobileAutomation" tests="1" failures="0" timestamp="2023-04-10T23:53:13 IST" time="28.331" errors="0">
  <testcase name="validatecalculator" time="28.331" classname="com.mobile.test.MobileAutomation"/>
  <system-out/>
</testsuite> <!-- com.mobile.test.MobileAutomation -->
