<?xml version="1.0" encoding="UTF-8"?>
<!-- Generated by org.testng.reporters.JUnitReportReporter -->
<testsuite hostname="deepikas-mbp.lan" failures="0" tests="8" name="excelsheet.dataProvider.ParameterFromExcel" time="132.746" errors="0" timestamp="2023-10-18T11:25:12 PDT" skipped="0">
  <testcase classname="excelsheet.dataProvider.ParameterFromExcel" name="Registration_data" time="14.773"/>
  <system-out/>
  <testcase classname="excelsheet.dataProvider.ParameterFromExcel" name="Registration_data" time="16.077"/>
  <system-out/>
  <testcase classname="excelsheet.dataProvider.ParameterFromExcel" name="Registration_data" time="17.446"/>
  <system-out/>
  <testcase classname="excelsheet.dataProvider.ParameterFromExcel" name="Registration_data" time="15.904"/>
  <system-out/>
  <testcase classname="excelsheet.dataProvider.ParameterFromExcel" name="Registration_data" time="17.462"/>
  <system-out/>
  <testcase classname="excelsheet.dataProvider.ParameterFromExcel" name="Registration_data" time="14.720"/>
  <system-out/>
  <testcase classname="excelsheet.dataProvider.ParameterFromExcel" name="Registration_data" time="21.026"/>
  <system-out/>
  <testcase classname="excelsheet.dataProvider.ParameterFromExcel" name="Registration_data" time="15.338"/>
  <system-out/>
</testsuite> <!-- excelsheet.dataProvider.ParameterFromExcel -->
