<?xml version="1.0" encoding="UTF-8"?>
<!-- Generated by org.testng.reporters.JUnitReportReporter -->
<testsuite hostname="deepikas-mbp.lan" failures="0" tests="1" name="DataproviderwithExcel" time="69.210" errors="0" timestamp="2023-10-20T10:02:16 PDT" skipped="0">
  <testcase classname="DataproviderwithExcel" name="login" time="69.210"/>
  <system-out/>
</testsuite> <!-- DataproviderwithExcel -->
