<?xml version="1.0" encoding="UTF-8"?>
<!-- Generated by org.testng.reporters.JUnitReportReporter -->
<testsuite hostname="deepikas-mbp.lan" failures="0" tests="3" name="dataprovider.differentMethod.ParameterDataproviderWithTwoMethods" time="74.635" errors="0" timestamp="2023-10-12T10:00:38 PDT" skipped="0">
  <testcase classname="dataprovider.differentMethod.ParameterDataproviderWithTwoMethods" name="testMethodB" time="26.022"/>
  <system-out/>
  <testcase classname="dataprovider.differentMethod.ParameterDataproviderWithTwoMethods" name="testMethodB" time="21.091"/>
  <system-out/>
  <testcase classname="dataprovider.differentMethod.ParameterDataproviderWithTwoMethods" name="testMethodB" time="27.522"/>
  <system-out/>
</testsuite> <!-- dataprovider.differentMethod.ParameterDataproviderWithTwoMethods -->
