<?xml version="1.0" encoding="UTF-8"?>
<!-- Generated by org.testng.reporters.JUnitReportReporter -->
<testsuite hostname="deepikas-mbp.lan" failures="0" tests="8" name="usinggroups.ParameterByITestContextInDataprovider" time="224.469" errors="0" timestamp="2023-10-12T10:25:51 PDT" skipped="0">
  <testcase classname="usinggroups.ParameterByITestContextInDataprovider" name="testMethodB" time="25.362"/>
  <system-out/>
  <testcase classname="usinggroups.ParameterByITestContextInDataprovider" name="testMethodA" time="25.419"/>
  <system-out/>
  <testcase classname="usinggroups.ParameterByITestContextInDataprovider" name="testMethodA" time="24.937"/>
  <system-out/>
  <testcase classname="usinggroups.ParameterByITestContextInDataprovider" name="testMethodB" time="29.223"/>
  <system-out/>
  <testcase classname="usinggroups.ParameterByITestContextInDataprovider" name="testMethodB" time="36.217"/>
  <system-out/>
  <testcase classname="usinggroups.ParameterByITestContextInDataprovider" name="testMethodB" time="30.711"/>
  <system-out/>
  <testcase classname="usinggroups.ParameterByITestContextInDataprovider" name="testMethodA" time="26.201"/>
  <system-out/>
  <testcase classname="usinggroups.ParameterByITestContextInDataprovider" name="testMethodA" time="26.399"/>
  <system-out/>
</testsuite> <!-- usinggroups.ParameterByITestContextInDataprovider -->
