<?xml version="1.0" encoding="UTF-8"?>
<!-- Generated by org.testng.reporters.JUnitReportReporter -->
<testsuite hostname="deepikas-mbp.lan" failures="0" tests="1" name="Xpath.XPathTypes" time="14.267" errors="0" timestamp="2023-10-09T22:16:38 PDT" skipped="0">
  <testcase classname="Xpath.XPathTypes" name="xpathUsingIndex" time="14.267"/>
  <system-out/>
</testsuite> <!-- Xpath.XPathTypes -->
