<?xml version="1.0" encoding="UTF-8"?>
<!-- Generated by org.testng.reporters.JUnitReportReporter -->
<testsuite hostname="deepikas-mbp.lan" failures="0" tests="1" name="Locators" time="37.916" errors="0" timestamp="2023-10-09T11:09:11 PDT" skipped="0">
  <testcase classname="Locators" name="testcase1" time="37.916"/>
  <system-out/>
</testsuite> <!-- Locators -->
