<?xml version="1.0" encoding="UTF-8"?>
<!-- Generated by org.testng.reporters.JUnitReportReporter -->
<testsuite hostname="deepikas-mbp.lan" failures="0" tests="1" name="Xpath.XpathAxes" time="12.611" errors="0" timestamp="2023-10-09T22:17:53 PDT" skipped="0">
  <testcase classname="Xpath.XpathAxes" name="login" time="12.611"/>
  <system-out/>
</testsuite> <!-- Xpath.XpathAxes -->
