<?xml version="1.0" encoding="UTF-8"?>
<!-- Generated by org.testng.reporters.JUnitReportReporter -->
<testsuite hostname="Deepikas-MBP.attlocal.net" failures="0" tests="3" name="com.training.ParallelTest.ChromeTest" time="7.839" errors="0" timestamp="2023-09-20T11:59:24 PDT" skipped="0">
  <testcase classname="com.training.ParallelTest.ChromeTest" name="testTitle" time="0.014"/>
  <system-out/>
  <testcase classname="com.training.ParallelTest.ChromeTest" name="clickOffers" time="3.194"/>
  <system-out/>
  <testcase classname="com.training.ParallelTest.ChromeTest" name="clickOrders" time="4.631"/>
  <system-out/>
</testsuite> <!-- com.training.ParallelTest.ChromeTest -->
