<?xml version="1.0" encoding="UTF-8"?>
<!-- Generated by org.testng.reporters.JUnitReportReporter -->
<testsuite hostname="Deepikas-MBP.attlocal.net" failures="0" tests="3" name="com.training.ParallelTest.FirefoxTest" time="6.102" errors="0" timestamp="2023-09-20T11:59:24 PDT" skipped="0">
  <testcase classname="com.training.ParallelTest.FirefoxTest" name="testTitle" time="0.011"/>
  <system-out/>
  <testcase classname="com.training.ParallelTest.FirefoxTest" name="clickOffers" time="3.422"/>
  <system-out/>
  <testcase classname="com.training.ParallelTest.FirefoxTest" name="clickOrders" time="2.669"/>
  <system-out/>
</testsuite> <!-- com.training.ParallelTest.FirefoxTest -->
