<?xml version="1.0" encoding="UTF-8"?>
<!-- Generated by org.testng.reporters.JUnitReportReporter -->
<testsuite hostname="Deepikas-MBP.attlocal.net" failures="0" tests="3" name="com.seleniumgrid.parallelTest.ParallelTest" time="100.255" errors="0" timestamp="2023-09-21T11:19:59 PDT" skipped="0">
  <testcase classname="com.seleniumgrid.parallelTest.ParallelTest" name="test1" time="55.330"/>
  <system-out/>
  <testcase classname="com.seleniumgrid.parallelTest.ParallelTest" name="test2" time="27.206"/>
  <system-out/>
  <testcase classname="com.seleniumgrid.parallelTest.ParallelTest" name="test3" time="17.719"/>
  <system-out/>
</testsuite> <!-- com.seleniumgrid.parallelTest.ParallelTest -->
