<?xml version="1.0" encoding="UTF-8"?>
<!-- Generated by org.testng.reporters.JUnitReportReporter -->
<testsuite hostname="Deepikas-MBP.attlocal.net" failures="0" tests="1" name="com.mobile.test.CalculatorTest" time="22.132" errors="0" timestamp="2023-04-13T11:31:35 PDT" skipped="0">
  <testcase classname="com.mobile.test.CalculatorTest" name="validatecalculator" time="22.132"/>
  <system-out/>
</testsuite> <!-- com.mobile.test.CalculatorTest -->
