<?xml version="1.0" encoding="UTF-8"?>
<!-- Generated by org.testng.reporters.JUnitReportReporter -->
<testsuite hostname="Deepikas-MBP.attlocal.net" failures="0" tests="1" name="com.mobile.test.HomeTest" time="5.270" errors="0" timestamp="2023-04-13T14:50:28 PDT" skipped="0">
  <testcase classname="com.mobile.test.HomeTest" name="validateAlertView" time="5.270"/>
  <system-out/>
</testsuite> <!-- com.mobile.test.HomeTest -->
