<?xml version="1.0" encoding="UTF-8"?>
<!-- Generated by org.testng.reporters.JUnitReportReporter -->
<testsuite hostname="Deepikas-MBP.attlocal.net" failures="0" tests="1" name="com.mobile.test.AlertViewTest" time="7.259" errors="0" timestamp="2023-04-13T15:40:51 PDT" skipped="0">
  <testcase classname="com.mobile.test.AlertViewTest" name="alertView" time="7.259"/>
  <system-out/>
</testsuite> <!-- com.mobile.test.AlertViewTest -->
